<?xml version="1.0" encoding="ISO-8859-1"?>
<!--
Properties for Proxool Configurator testing. Defines the same parameters as
TestHelper.buildCompleteAlternativeProperties()
-->
<something-else-entirely xmlns="http://sumthin.else.entirely" xmlns:proxool="The latest version is available at http://proxool.sourceforge.net/xml-namespace">
    <proxool:proxool>
        <proxool:alias>xml-test-ns</proxool:alias>
        <proxool:driver-url>jdbc:hsqldb:db/test</proxool:driver-url>
        <proxool:driver-class>org.hsqldb.jdbcDriver</proxool:driver-class>
        <proxool:driver-properties>
            <proxool:property name="user" value="sa"/>
            <proxool:property name="password" value=""/>
        </proxool:driver-properties>
        <proxool:house-keeping-sleep-time>40000</proxool:house-keeping-sleep-time>
        <proxool:house-keeping-test-sql>select CURRENT_DATE</proxool:house-keeping-test-sql>
        <proxool:maximum-connection-count>10</proxool:maximum-connection-count>
        <proxool:minimum-connection-count>3</proxool:minimum-connection-count>
        <proxool:maximum-connection-lifetime>18000000</proxool:maximum-connection-lifetime> <!-- 5 hours -->
        <proxool:simultaneous-build-throttle>5</proxool:simultaneous-build-throttle>
        <proxool:recently-started-threshold>40000</proxool:recently-started-threshold>
        <proxool:overload-without-refusal-lifetime>50000</proxool:overload-without-refusal-lifetime>
        <proxool:maximum-active-time>60000</proxool:maximum-active-time>
        <proxool:verbose>true</proxool:verbose>
        <proxool:trace>true</proxool:trace>
        <proxool:fatal-sql-exception>Fatal error</proxool:fatal-sql-exception>
        <proxool:prototype-count>2</proxool:prototype-count>
    </proxool:proxool>
    <nothing-to-do-with-proxool>
        <proxool:proxool>
            <proxool:alias>xml-test-ns-2</proxool:alias>
            <proxool:driver-url>jdbc:hsqldb:db/test</proxool:driver-url>
            <proxool:driver-class>org.hsqldb.jdbcDriver</proxool:driver-class>
            <proxool:driver-properties>
                <proxool:property name="user" value="sa"/>
                <proxool:property name="password" value=""/>
            </proxool:driver-properties>
            <proxool:house-keeping-sleep-time>40000</proxool:house-keeping-sleep-time>
            <proxool:house-keeping-test-sql>select CURRENT_DATE</proxool:house-keeping-test-sql>
            <proxool:maximum-connection-count>10</proxool:maximum-connection-count>
            <proxool:minimum-connection-count>3</proxool:minimum-connection-count>
            <proxool:maximum-connection-lifetime>18000000</proxool:maximum-connection-lifetime> <!-- 5 hours -->
            <proxool:simultaneous-build-throttle>5</proxool:simultaneous-build-throttle>
            <proxool:recently-started-threshold>40000</proxool:recently-started-threshold>
            <proxool:overload-without-refusal-lifetime>50000</proxool:overload-without-refusal-lifetime>
            <proxool:maximum-active-time>60000</proxool:maximum-active-time>
            <proxool:verbose>true</proxool:verbose>
            <proxool:trace>true</proxool:trace>
            <proxool:fatal-sql-exception>Fatal error</proxool:fatal-sql-exception>
            <proxool:prototype-count>2</proxool:prototype-count>
        </proxool:proxool>
    </nothing-to-do-with-proxool>
</something-else-entirely>